<?xml version="1.0" encoding="UTF-8"?>
<!-- Generated by org.testng.reporters.JUnitReportReporter -->
<testsuite hostname="DESKTOP-7BSILN1" failures="0" tests="1" name="Tests.HomePageTests" time="5.525" errors="0" timestamp="2025-03-24T22:27:47 EET" skipped="0">
  <testcase classname="Tests.HomePageTests" name="VerifyProductDetails" time="5.525"/>
  <system-out/>
</testsuite> <!-- Tests.HomePageTests -->
