<?xml version="1.0" encoding="UTF-8"?>
<!-- Generated by org.testng.reporters.JUnitReportReporter -->
<testsuite hostname="DESKTOP-7BSILN1" failures="0" tests="1" name="Tests.ProductDetails" time="4.715" errors="0" timestamp="2025-03-27T17:48:08 EET" skipped="0">
  <testcase classname="Tests.ProductDetails" name="VerifyProductDetails" time="4.715"/>
  <system-out/>
</testsuite> <!-- Tests.ProductDetails -->
