<?xml version="1.0" encoding="UTF-8"?>
<!-- Generated by org.testng.reporters.JUnitReportReporter -->
<testsuite hostname="DESKTOP-7BSILN1" failures="0" tests="1" name="org.sample.TestingDemoBlaze.ContactUsTest" time="0.915" errors="0" timestamp="2024-11-11T03:50:23 EET" skipped="0">
  <testcase classname="org.sample.TestingDemoBlaze.ContactUsTest" name="CheckingContactUs" time="0.915"/>
  <system-out/>
</testsuite> <!-- org.sample.TestingDemoBlaze.ContactUsTest -->
