<?xml version="1.0" encoding="UTF-8"?>
<!-- Generated by org.testng.reporters.JUnitReportReporter -->
<testsuite hostname="DESKTOP-7BSILN1" failures="0" tests="2" name="org.sample.TestingDemoBlaze.SignUpPageTest" time="3.618" errors="0" timestamp="2024-11-10T19:57:01 EET" skipped="0">
  <testcase classname="org.sample.TestingDemoBlaze.SignUpPageTest" name="ValidSignUp" time="1.680"/>
  <system-out/>
  <testcase classname="org.sample.TestingDemoBlaze.SignUpPageTest" name="InvalidSignUp" time="1.938"/>
  <system-out/>
</testsuite> <!-- org.sample.TestingDemoBlaze.SignUpPageTest -->
