<?xml version="1.0" encoding="UTF-8"?>
<!-- Generated by org.testng.reporters.JUnitReportReporter -->
<testsuite hostname="DESKTOP-7BSILN1" failures="0" tests="1" name="org.sample.TestingDemoBlaze.InvalidSignUp" time="3.547" errors="0" timestamp="2024-11-22T17:17:19 EET" skipped="0">
  <testcase classname="org.sample.TestingDemoBlaze.InvalidSignUp" name="InvalidSignUpTC" time="3.547"/>
  <system-out/>
</testsuite> <!-- org.sample.TestingDemoBlaze.InvalidSignUp -->
