<?xml version="1.0" encoding="UTF-8"?>
<!-- Generated by org.testng.reporters.JUnitReportReporter -->
<testsuite hostname="DESKTOP-7BSILN1" failures="0" tests="1" name="Tests.TestBase" time="7.789" errors="0" timestamp="2025-03-24T16:55:36 EET" skipped="0">
  <testcase classname="Tests.TestBase" name="startSession" time="7.789"/>
  <system-out/>
</testsuite> <!-- Tests.TestBase -->
