<?xml version="1.0" encoding="UTF-8"?>
<!-- Generated by org.testng.reporters.JUnitReportReporter -->
<testsuite hostname="DESKTOP-7BSILN1" failures="0" tests="1" name="Tests.Login" time="1.870" errors="0" timestamp="2025-03-27T17:48:53 EET" skipped="0">
  <testcase classname="Tests.Login" name="ValidLogin" time="1.870"/>
  <system-out/>
</testsuite> <!-- Tests.Login -->
