<?xml version="1.0" encoding="UTF-8"?>
<!-- Generated by org.testng.reporters.JUnitReportReporter -->
<testsuite hostname="DESKTOP-7BSILN1" failures="0" tests="1" name="Tests.SignUp" time="1.372" errors="0" timestamp="2025-03-27T17:48:53 EET" skipped="0">
  <testcase classname="Tests.SignUp" name="ValidSignUp" time="1.372"/>
  <system-out/>
</testsuite> <!-- Tests.SignUp -->
