<?xml version="1.0" encoding="UTF-8"?>
<!-- Generated by org.testng.reporters.JUnitReportReporter -->
<testsuite hostname="DESKTOP-7BSILN1" failures="0" tests="1" name="org.sample.TestingDemoBlaze.ProductDetailsPageTest" time="5.471" errors="0" timestamp="2025-03-24T03:32:52 EET" skipped="0">
  <testcase classname="org.sample.TestingDemoBlaze.ProductDetailsPageTest" name="AddingRemovingMobileItemToCart" time="5.471"/>
  <system-out/>
</testsuite> <!-- org.sample.TestingDemoBlaze.ProductDetailsPageTest -->
