<?xml version="1.0" encoding="UTF-8"?>
<!-- Generated by org.testng.reporters.JUnitReportReporter -->
<testsuite hostname="DESKTOP-7BSILN1" failures="0" tests="3" name="org.sample.TestingDemoBlaze.LoginPageTest" time="5.349" errors="0" timestamp="2024-11-10T19:58:05 EET" skipped="0">
  <testcase classname="org.sample.TestingDemoBlaze.LoginPageTest" name="ValidLogin" time="2.371"/>
  <system-out/>
  <testcase classname="org.sample.TestingDemoBlaze.LoginPageTest" name="InvalidLoginUsingWrongUsername" time="1.585"/>
  <system-out/>
  <testcase classname="org.sample.TestingDemoBlaze.LoginPageTest" name="InvalidLoginUsingWrongPass" time="1.393"/>
  <system-out/>
</testsuite> <!-- org.sample.TestingDemoBlaze.LoginPageTest -->
