<?xml version="1.0" encoding="UTF-8"?>
<!-- Generated by org.testng.reporters.JUnitReportReporter -->
<testsuite hostname="DESKTOP-7BSILN1" failures="0" tests="1" name="org.sample.TestingDemoBlaze.ValidLogin" time="12.912" errors="0" timestamp="2024-11-12T18:11:31 EET" skipped="0">
  <testcase classname="org.sample.TestingDemoBlaze.ValidLogin" name="ValidLoginTC" time="12.912"/>
  <system-out/>
</testsuite> <!-- org.sample.TestingDemoBlaze.ValidLogin -->
