<?xml version="1.0" encoding="UTF-8"?>
<!-- Generated by org.testng.reporters.JUnitReportReporter -->
<testsuite hostname="DESKTOP-7BSILN1" failures="0" tests="2" name="org.sample.TestingDemoBlaze.InvalidLogin" time="3.707" errors="0" timestamp="2024-11-22T17:17:19 EET" skipped="0">
  <testcase classname="org.sample.TestingDemoBlaze.InvalidLogin" name="InvalidLoginUsingWrongUsername" time="2.166"/>
  <system-out/>
  <testcase classname="org.sample.TestingDemoBlaze.InvalidLogin" name="InvalidLoginUsingWrongPass" time="1.541"/>
  <system-out/>
</testsuite> <!-- org.sample.TestingDemoBlaze.InvalidLogin -->
