<?xml version="1.0" encoding="UTF-8"?>
<!-- Generated by org.testng.reporters.JUnitReportReporter -->
<testsuite hostname="DESKTOP-7BSILN1" failures="0" tests="1" name="org.sample.TestingDemoBlaze.InvalidSignUp" time="1.578" errors="0" timestamp="2024-11-11T02:49:32 EET" skipped="0">
  <testcase classname="org.sample.TestingDemoBlaze.InvalidSignUp" name="InvalidSignUpTC" time="1.578"/>
</testsuite> <!-- org.sample.TestingDemoBlaze.InvalidSignUp -->
