<?xml version="1.0" encoding="UTF-8"?>
<!-- Generated by org.testng.reporters.JUnitReportReporter -->
<testsuite hostname="DESKTOP-7BSILN1" failures="0" tests="1" name="org.sample.TestingDemoBlaze.ValidLogin" time="2.074" errors="0" timestamp="2024-11-11T02:49:32 EET" skipped="0">
  <testcase classname="org.sample.TestingDemoBlaze.ValidLogin" name="ValidLoginTC" time="2.074"/>
</testsuite> <!-- org.sample.TestingDemoBlaze.ValidLogin -->
